<?xml version="1.0" encoding="UTF-8"?>
<testng-results total="4" passed="4" failed="0" skipped="0">
  <reporter-output>
  </reporter-output>
  <suite started-at="2020-05-27T01:52:05Z" name="JianShu" finished-at="2020-05-27T01:52:25Z" duration-ms="19665">
    <groups>
    </groups>
    <test started-at="2020-05-27T01:52:05Z" name="Test1" finished-at="2020-05-27T01:52:17Z" duration-ms="12329">
      <class name="testcases.Login">
        <test-method is-config="true" signature="beforeClass()[pri:0, instance:testcases.Login@39aa45a1]" started-at="2020-05-27T09:52:05Z" name="beforeClass" finished-at="2020-05-27T09:52:05Z" duration-ms="2" status="PASS">
          <reporter-output>
          </reporter-output>
        </test-method> <!-- beforeClass -->
        <test-method is-config="true" signature="beforeMethod()[pri:0, instance:testcases.Login@39aa45a1]" started-at="2020-05-27T09:52:05Z" name="beforeMethod" finished-at="2020-05-27T09:52:11Z" duration-ms="6091" status="PASS">
          <reporter-output>
          </reporter-output>
        </test-method> <!-- beforeMethod -->
        <test-method signature="baiduHomePage()[pri:0, instance:testcases.Login@39aa45a1]" started-at="2020-05-27T09:52:11Z" name="baiduHomePage" finished-at="2020-05-27T09:52:12Z" duration-ms="629" status="PASS">
          <reporter-output>
          </reporter-output>
        </test-method> <!-- baiduHomePage -->
        <test-method is-config="true" signature="afterMethod()[pri:0, instance:testcases.Login@39aa45a1]" started-at="2020-05-27T09:52:12Z" name="afterMethod" finished-at="2020-05-27T09:52:12Z" duration-ms="105" status="PASS">
          <reporter-output>
          </reporter-output>
        </test-method> <!-- afterMethod -->
        <test-method is-config="true" signature="beforeMethod()[pri:0, instance:testcases.Login@39aa45a1]" started-at="2020-05-27T09:52:12Z" name="beforeMethod" finished-at="2020-05-27T09:52:17Z" duration-ms="4983" status="PASS">
          <reporter-output>
          </reporter-output>
        </test-method> <!-- beforeMethod -->
        <test-method signature="baiduHomePage2()[pri:0, instance:testcases.Login@39aa45a1]" started-at="2020-05-27T09:52:17Z" name="baiduHomePage2" finished-at="2020-05-27T09:52:17Z" duration-ms="368" status="PASS">
          <reporter-output>
          </reporter-output>
        </test-method> <!-- baiduHomePage2 -->
        <test-method is-config="true" signature="afterMethod()[pri:0, instance:testcases.Login@39aa45a1]" started-at="2020-05-27T09:52:17Z" name="afterMethod" finished-at="2020-05-27T09:52:17Z" duration-ms="103" status="PASS">
          <reporter-output>
          </reporter-output>
        </test-method> <!-- afterMethod -->
        <test-method is-config="true" signature="afterClass()[pri:0, instance:testcases.Login@39aa45a1]" started-at="2020-05-27T09:52:17Z" name="afterClass" finished-at="2020-05-27T09:52:17Z" duration-ms="1" status="PASS">
          <reporter-output>
          </reporter-output>
        </test-method> <!-- afterClass -->
      </class> <!-- testcases.Login -->
      <class name="testcases.BeforeAfterTest">
        <test-method is-config="true" signature="beforeTest()[pri:0, instance:testcases.BeforeAfterTest@701a32]" started-at="2020-05-27T09:52:05Z" name="beforeTest" finished-at="2020-05-27T09:52:05Z" duration-ms="0" status="PASS">
          <reporter-output>
          </reporter-output>
        </test-method> <!-- beforeTest -->
        <test-method is-config="true" signature="afterTest()[pri:0, instance:testcases.BeforeAfterTest@701a32]" started-at="2020-05-27T09:52:17Z" name="afterTest" finished-at="2020-05-27T09:52:17Z" duration-ms="1" status="PASS">
          <reporter-output>
          </reporter-output>
        </test-method> <!-- afterTest -->
      </class> <!-- testcases.BeforeAfterTest -->
    </test> <!-- Test1 -->
    <test started-at="2020-05-27T01:52:17Z" name="Test2" finished-at="2020-05-27T01:52:25Z" duration-ms="7302">
      <class name="testcases.Register">
        <test-method is-config="true" signature="beforeMethod()[pri:0, instance:testcases.Register@2f6bcf87]" started-at="2020-05-27T09:52:17Z" name="beforeMethod" finished-at="2020-05-27T09:52:21Z" duration-ms="3807" status="PASS">
          <reporter-output>
          </reporter-output>
        </test-method> <!-- beforeMethod -->
        <test-method signature="loginJianShu()[pri:0, instance:testcases.Register@2f6bcf87]" started-at="2020-05-27T09:52:21Z" name="loginJianShu" finished-at="2020-05-27T09:52:21Z" duration-ms="268" status="PASS">
          <reporter-output>
          </reporter-output>
        </test-method> <!-- loginJianShu -->
        <test-method is-config="true" signature="afterMethod()[pri:0, instance:testcases.Register@2f6bcf87]" started-at="2020-05-27T09:52:21Z" name="afterMethod" finished-at="2020-05-27T09:52:22Z" duration-ms="101" status="PASS">
          <reporter-output>
          </reporter-output>
        </test-method> <!-- afterMethod -->
        <test-method is-config="true" signature="beforeMethod()[pri:0, instance:testcases.Register@2f6bcf87]" started-at="2020-05-27T09:52:22Z" name="beforeMethod" finished-at="2020-05-27T09:52:24Z" duration-ms="2323" status="PASS">
          <reporter-output>
          </reporter-output>
        </test-method> <!-- beforeMethod -->
        <test-method signature="openJianShu()[pri:0, instance:testcases.Register@2f6bcf87]" started-at="2020-05-27T09:52:24Z" name="openJianShu" finished-at="2020-05-27T09:52:25Z" duration-ms="654" status="PASS">
          <reporter-output>
          </reporter-output>
        </test-method> <!-- openJianShu -->
        <test-method is-config="true" signature="afterMethod()[pri:0, instance:testcases.Register@2f6bcf87]" started-at="2020-05-27T09:52:25Z" name="afterMethod" finished-at="2020-05-27T09:52:25Z" duration-ms="145" status="PASS">
          <reporter-output>
          </reporter-output>
        </test-method> <!-- afterMethod -->
      </class> <!-- testcases.Register -->
      <class name="testcases.BeforeAfterTest">
        <test-method is-config="true" signature="beforeSuite()[pri:0, instance:testcases.BeforeAfterTest@701a32]" started-at="2020-05-27T09:52:05Z" name="beforeSuite" finished-at="2020-05-27T09:52:05Z" duration-ms="22" status="PASS">
          <reporter-output>
          </reporter-output>
        </test-method> <!-- beforeSuite -->
        <test-method is-config="true" signature="afterSuite()[pri:0, instance:testcases.BeforeAfterTest@701a32]" started-at="2020-05-27T09:52:25Z" name="afterSuite" finished-at="2020-05-27T09:52:25Z" duration-ms="0" status="PASS">
          <reporter-output>
          </reporter-output>
        </test-method> <!-- afterSuite -->
      </class> <!-- testcases.BeforeAfterTest -->
    </test> <!-- Test2 -->
  </suite> <!-- JianShu -->
</testng-results>
